# JRE version: Java(TM) SE Runtime Environment (8.0_112-b15) (build 1.8.0_112-b15)
# Java VM: Java HotSpot(TM) 64-Bit Server VM (25.112-b15 mixed mode windows-amd64 compressed oops)
Heap:
 PSYoungGen      total 60416K, used 12133K [0x00000007bc400000, 0x00000007c0000000, 0x00000007c0000000)
  eden space 59904K, 20% used [0x00000007bc400000,0x00000007bcfd9650,0x00000007bfe80000)
  from space 512K, 0% used [0x00000007bff00000,0x00000007bff00000,0x00000007bff80000)
  to   space 512K, 0% used [0x00000007bff80000,0x00000007bff80000,0x00000007c0000000)
 ParOldGen       total 155648K, used 39013K [0x0000000700000000, 0x0000000709800000, 0x00000007bc400000)
  object space 155648K, 25% used [0x0000000700000000,0x0000000702619540,0x0000000709800000)
 Metaspace       used 62650K, capacity 63181K, committed 63744K, reserved 1103872K
  class space    used 8583K, capacity 8696K, committed 8704K, reserved 1048576K
GC Heap History (10 events):
Event: 279.076 GC heap before
{Heap before GC invocations=120 (full 6):
 PSYoungGen      total 60928K, used 60512K [0x00000007bc400000, 0x00000007c0000000, 0x00000007c0000000)
  eden space 60416K, 100% used [0x00000007bc400000,0x00000007bff00000,0x00000007bff00000)
  from space 512K, 18% used [0x00000007bff00000,0x00000007bff18000,0x00000007bff80000)
  to   space 512K, 0% used [0x00000007bff80000,0x00000007bff80000,0x00000007c0000000)
 ParOldGen       total 155648K, used 47836K [0x0000000700000000, 0x0000000709800000, 0x00000007bc400000)
  object space 155648K, 30% used [0x0000000700000000,0x0000000702eb73e8,0x0000000709800000)
 Metaspace       used 62273K, capacity 62823K, committed 63488K, reserved 1103872K
  class space    used 8540K, capacity 8663K, committed 8704K, reserved 1048576K
Event: 279.078 GC heap after
Heap after GC invocations=120 (full 6):
 PSYoungGen      total 60928K, used 128K [0x00000007bc400000, 0x00000007c0000000, 0x00000007c0000000)
  eden space 60416K, 0% used [0x00000007bc400000,0x00000007bc400000,0x00000007bff00000)
  from space 512K, 25% used [0x00000007bff80000,0x00000007bffa0000,0x00000007c0000000)
  to   space 512K, 0% used [0x00000007bff00000,0x00000007bff00000,0x00000007bff80000)
 ParOldGen       total 155648K, used 47860K [0x0000000700000000, 0x0000000709800000, 0x00000007bc400000)
  object space 155648K, 30% used [0x0000000700000000,0x0000000702ebd3e8,0x0000000709800000)
 Metaspace       used 62273K, capacity 62823K, committed 63488K, reserved 1103872K
  class space    used 8540K, capacity 8663K, committed 8704K, reserved 1048576K
}
Event: 281.080 GC heap before
{Heap before GC invocations=121 (full 6):
 PSYoungGen      total 60928K, used 60544K [0x00000007bc400000, 0x00000007c0000000, 0x00000007c0000000)
  eden space 60416K, 100% used [0x00000007bc400000,0x00000007bff00000,0x00000007bff00000)
  from space 512K, 25% used [0x00000007bff80000,0x00000007bffa0000,0x00000007c0000000)
  to   space 512K, 0% used [0x00000007bff00000,0x00000007bff00000,0x00000007bff80000)
 ParOldGen       total 155648K, used 47860K [0x0000000700000000, 0x0000000709800000, 0x00000007bc400000)
  object space 155648K, 30% used [0x0000000700000000,0x0000000702ebd3e8,0x0000000709800000)
 Metaspace       used 62273K, capacity 62823K, committed 63488K, reserved 1103872K
  class space    used 8540K, capacity 8663K, committed 8704K, reserved 1048576K
Event: 281.083 GC heap after
Heap after GC invocations=121 (full 6):
 PSYoungGen      total 60928K, used 64K [0x00000007bc400000, 0x00000007c0000000, 0x00000007c0000000)
  eden space 60416K, 0% used [0x00000007bc400000,0x00000007bc400000,0x00000007bff00000)
  from space 512K, 12% used [0x00000007bff00000,0x00000007bff10000,0x00000007bff80000)
  to   space 512K, 0% used [0x00000007bff80000,0x00000007bff80000,0x00000007c0000000)
 ParOldGen       total 155648K, used 47876K [0x0000000700000000, 0x0000000709800000, 0x00000007bc400000)
  object space 155648K, 30% used [0x0000000700000000,0x0000000702ec13e8,0x0000000709800000)
 Metaspace       used 62273K, capacity 62823K, committed 63488K, reserved 1103872K
  class space    used 8540K, capacity 8663K, committed 8704K, reserved 1048576K
}
Event: 283.086 GC heap before
{Heap before GC invocations=122 (full 6):
 PSYoungGen      total 60928K, used 60480K [0x00000007bc400000, 0x00000007c0000000, 0x00000007c0000000)
  eden space 60416K, 100% used [0x00000007bc400000,0x00000007bff00000,0x00000007bff00000)
  from space 512K, 12% used [0x00000007bff00000,0x00000007bff10000,0x00000007bff80000)
  to   space 512K, 0% used [0x00000007bff80000,0x00000007bff80000,0x00000007c0000000)
 ParOldGen       total 155648K, used 47876K [0x0000000700000000, 0x0000000709800000, 0x00000007bc400000)
  object space 155648K, 30% used [0x0000000700000000,0x0000000702ec13e8,0x0000000709800000)
 Metaspace       used 62273K, capacity 62823K, committed 63488K, reserved 1103872K
  class space    used 8540K, capacity 8663K, committed 8704K, reserved 1048576K
Event: 283.088 GC heap after
Heap after GC invocations=122 (full 6):
 PSYoungGen      total 60928K, used 128K [0x00000007bc400000, 0x00000007c0000000, 0x00000007c0000000)
  eden space 60416K, 0% used [0x00000007bc400000,0x00000007bc400000,0x00000007bff00000)
  from space 512K, 25% used [0x00000007bff80000,0x00000007bffa0000,0x00000007c0000000)
  to   space 512K, 0% used [0x00000007bff00000,0x00000007bff00000,0x00000007bff80000)
 ParOldGen       total 155648K, used 47892K [0x0000000700000000, 0x0000000709800000, 0x00000007bc400000)
  object space 155648K, 30% used [0x0000000700000000,0x0000000702ec53e8,0x0000000709800000)
 Metaspace       used 62273K, capacity 62823K, committed 63488K, reserved 1103872K
  class space    used 8540K, capacity 8663K, committed 8704K, reserved 1048576K
}
Event: 350.589 GC heap before
{Heap before GC invocations=123 (full 6):
 PSYoungGen      total 60928K, used 57244K [0x00000007bc400000, 0x00000007c0000000, 0x00000007c0000000)
  eden space 60416K, 94% used [0x00000007bc400000,0x00000007bfbc7268,0x00000007bff00000)
  from space 512K, 25% used [0x00000007bff80000,0x00000007bffa0000,0x00000007c0000000)
  to   space 512K, 0% used [0x00000007bff00000,0x00000007bff00000,0x00000007bff80000)
 ParOldGen       total 155648K, used 47892K [0x0000000700000000, 0x0000000709800000, 0x00000007bc400000)
  object space 155648K, 30% used [0x0000000700000000,0x0000000702ec53e8,0x0000000709800000)
 Metaspace       used 62626K, capacity 63175K, committed 63744K, reserved 1103872K
  class space    used 8582K, capacity 8695K, committed 8704K, reserved 1048576K
Event: 350.592 GC heap after
Heap after GC invocations=123 (full 6):
 PSYoungGen      total 60416K, used 512K [0x00000007bc400000, 0x00000007c0000000, 0x00000007c0000000)
  eden space 59904K, 0% used [0x00000007bc400000,0x00000007bc400000,0x00000007bfe80000)
  from space 512K, 100% used [0x00000007bff00000,0x00000007bff80000,0x00000007bff80000)
  to   space 512K, 0% used [0x00000007bff80000,0x00000007bff80000,0x00000007c0000000)
 ParOldGen       total 155648K, used 48496K [0x0000000700000000, 0x0000000709800000, 0x00000007bc400000)
  object space 155648K, 31% used [0x0000000700000000,0x0000000702f5c1b0,0x0000000709800000)
 Metaspace       used 62626K, capacity 63175K, committed 63744K, reserved 1103872K
  class space    used 8582K, capacity 8695K, committed 8704K, reserved 1048576K
}
Event: 350.592 GC heap before
{Heap before GC invocations=124 (full 7):
 PSYoungGen      total 60416K, used 512K [0x00000007bc400000, 0x00000007c0000000, 0x00000007c0000000)
  eden space 59904K, 0% used [0x00000007bc400000,0x00000007bc400000,0x00000007bfe80000)
  from space 512K, 100% used [0x00000007bff00000,0x00000007bff80000,0x00000007bff80000)
  to   space 512K, 0% used [0x00000007bff80000,0x00000007bff80000,0x00000007c0000000)
 ParOldGen       total 155648K, used 48496K [0x0000000700000000, 0x0000000709800000, 0x00000007bc400000)
  object space 155648K, 31% used [0x0000000700000000,0x0000000702f5c1b0,0x0000000709800000)
 Metaspace       used 62626K, capacity 63175K, committed 63744K, reserved 1103872K
  class space    used 8582K, capacity 8695K, committed 8704K, reserved 1048576K
Event: 350.745 GC heap after
Heap after GC invocations=124 (full 7):
 PSYoungGen      total 60416K, used 0K [0x00000007bc400000, 0x00000007c0000000, 0x00000007c0000000)
  eden space 59904K, 0% used [0x00000007bc400000,0x00000007bc400000,0x00000007bfe80000)
  from space 512K, 0% used [0x00000007bff00000,0x00000007bff00000,0x00000007bff80000)
  to   space 512K, 0% used [0x00000007bff80000,0x00000007bff80000,0x00000007c0000000)
 ParOldGen       total 155648K, used 39013K [0x0000000700000000, 0x0000000709800000, 0x00000007bc400000)
  object space 155648K, 25% used [0x0000000700000000,0x0000000702619540,0x0000000709800000)
 Metaspace       used 62626K, capacity 63175K, committed 63744K, reserved 1103872K
  class space    used 8582K, capacity 8695K, committed 8704K, reserved 1048576K
}

